0 info it worked if it ends with ok
1 verbose cli [ 'C:\\Program Files\\nodejs\\\\node.exe',
1 verbose cli   'C:\\Program Files\\nodejs\\node_modules\\npm\\bin\\npm-cli.js',
1 verbose cli   'install',
1 verbose cli   'connect-ensured-login' ]
2 info using npm@1.4.28
3 info using node@v0.10.32
4 verbose node symlink C:\Program Files\nodejs\\node.exe
5 warn package.json memorylane@0.0.0-83 No description
6 warn package.json memorylane@0.0.0-83 No repository field.
7 warn package.json memorylane@0.0.0-83 No README data
8 verbose readDependencies using package.json deps
9 verbose cache add [ 'connect-ensured-login', null ]
10 verbose cache add name=undefined spec="connect-ensured-login" args=["connect-ensured-login",null]
11 verbose parsed url { protocol: null,
11 verbose parsed url   slashes: null,
11 verbose parsed url   auth: null,
11 verbose parsed url   host: null,
11 verbose parsed url   port: null,
11 verbose parsed url   hostname: null,
11 verbose parsed url   hash: null,
11 verbose parsed url   search: null,
11 verbose parsed url   query: null,
11 verbose parsed url   pathname: 'connect-ensured-login',
11 verbose parsed url   path: 'connect-ensured-login',
11 verbose parsed url   href: 'connect-ensured-login' }
12 silly lockFile 08f93f13-connect-ensured-login connect-ensured-login
13 verbose lock connect-ensured-login C:\Users\Dell\AppData\Roaming\npm-cache\08f93f13-connect-ensured-login.lock
14 silly lockFile 08f93f13-connect-ensured-login connect-ensured-login
15 silly lockFile 08f93f13-connect-ensured-login connect-ensured-login
16 verbose addNamed [ 'connect-ensured-login', '' ]
17 verbose addNamed [ null, '*' ]
18 silly lockFile 59b60f81-connect-ensured-login connect-ensured-login@
19 verbose lock connect-ensured-login@ C:\Users\Dell\AppData\Roaming\npm-cache\59b60f81-connect-ensured-login.lock
20 silly addNameRange { name: 'connect-ensured-login', range: '*', hasData: false }
21 verbose request where is /connect-ensured-login
22 verbose request registry https://registry.npmjs.org/
23 verbose request id 9aea6b20a258d97b
24 verbose url raw /connect-ensured-login
25 verbose url resolving [ 'https://registry.npmjs.org/', './connect-ensured-login' ]
26 verbose url resolved https://registry.npmjs.org/connect-ensured-login
27 verbose request where is https://registry.npmjs.org/connect-ensured-login
28 info trying registry request attempt 1 at 19:50:29
29 http GET https://registry.npmjs.org/connect-ensured-login
30 http 404 https://registry.npmjs.org/connect-ensured-login
31 verbose headers { date: 'Thu, 13 Nov 2014 14:20:27 GMT',
31 verbose headers   server: 'CouchDB/1.5.0 (Erlang OTP/R16B03)',
31 verbose headers   'content-type': 'application/json',
31 verbose headers   'cache-control': 'max-age=0',
31 verbose headers   'content-length': '52',
31 verbose headers   'accept-ranges': 'bytes',
31 verbose headers   via: '1.1 varnish',
31 verbose headers   age: '0',
31 verbose headers   'x-served-by': 'cache-sn88-SIN',
31 verbose headers   'x-cache': 'MISS',
31 verbose headers   'x-cache-hits': '0',
31 verbose headers   'x-timer': 'S1415888426.959616,VS0,VE201',
31 verbose headers   'keep-alive': 'timeout=10, max=50',
31 verbose headers   connection: 'Keep-Alive' }
32 silly registry.get cb [ 404,
32 silly registry.get   { date: 'Thu, 13 Nov 2014 14:20:27 GMT',
32 silly registry.get     server: 'CouchDB/1.5.0 (Erlang OTP/R16B03)',
32 silly registry.get     'content-type': 'application/json',
32 silly registry.get     'cache-control': 'max-age=0',
32 silly registry.get     'content-length': '52',
32 silly registry.get     'accept-ranges': 'bytes',
32 silly registry.get     via: '1.1 varnish',
32 silly registry.get     age: '0',
32 silly registry.get     'x-served-by': 'cache-sn88-SIN',
32 silly registry.get     'x-cache': 'MISS',
32 silly registry.get     'x-cache-hits': '0',
32 silly registry.get     'x-timer': 'S1415888426.959616,VS0,VE201',
32 silly registry.get     'keep-alive': 'timeout=10, max=50',
32 silly registry.get     connection: 'Keep-Alive' } ]
33 silly lockFile 59b60f81-connect-ensured-login connect-ensured-login@
34 silly lockFile 59b60f81-connect-ensured-login connect-ensured-login@
35 error 404 404 Not Found: connect-ensured-login
35 error 404
35 error 404 'connect-ensured-login' is not in the npm registry.
35 error 404 You should bug the author to publish it
35 error 404 It was specified as a dependency of 'memorylane'
35 error 404
35 error 404 Note that you can also install from a
35 error 404 tarball, folder, or http url, or git url.
36 error System Windows_NT 6.1.7600
37 error command "C:\\Program Files\\nodejs\\\\node.exe" "C:\\Program Files\\nodejs\\node_modules\\npm\\bin\\npm-cli.js" "install" "connect-ensured-login"
38 error cwd C:\Users\Dell\Desktop\project23
39 error node -v v0.10.32
40 error npm -v 1.4.28
41 error code E404
42 verbose exit [ 1, true ]
